# JRE version: Java(TM) SE Runtime Environment (8.0_151-b12) (build 1.8.0_151-b12)
# Java VM: Java HotSpot(TM) 64-Bit Server VM (25.151-b12 mixed mode windows-amd64 compressed oops)
Heap:
 PSYoungGen      total 441856K, used 86671K [0x000000076b000000, 0x000000078db00000, 0x00000007c0000000)
  eden space 413184K, 14% used [0x000000076b000000,0x000000076e8ab770,0x0000000784380000)
  from space 28672K, 99% used [0x0000000784380000,0x0000000785f78528,0x0000000785f80000)
  to   space 32256K, 0% used [0x000000078bb80000,0x000000078bb80000,0x000000078db00000)
 ParOldGen       total 294400K, used 59451K [0x00000006c1000000, 0x00000006d2f80000, 0x000000076b000000)
  object space 294400K, 20% used [0x00000006c1000000,0x00000006c4a0ef60,0x00000006d2f80000)
 Metaspace       used 79493K, capacity 82986K, committed 83072K, reserved 1120256K
  class space    used 10741K, capacity 11377K, committed 11392K, reserved 1048576K
GC Heap History (10 events):
Event: 11.921 GC heap before
{Heap before GC invocations=10 (full 2):
 PSYoungGen      total 285184K, used 262144K [0x000000076b000000, 0x0000000784400000, 0x00000007c0000000)
  eden space 262144K, 100% used [0x000000076b000000,0x000000077b000000,0x000000077b000000)
  from space 23040K, 0% used [0x000000077b000000,0x000000077b000000,0x000000077c680000)
  to   space 22528K, 0% used [0x0000000782e00000,0x0000000782e00000,0x0000000784400000)
 ParOldGen       total 223232K, used 44471K [0x00000006c1000000, 0x00000006cea00000, 0x000000076b000000)
  object space 223232K, 19% used [0x00000006c1000000,0x00000006c3b6dfa0,0x00000006cea00000)
 Metaspace       used 42900K, capacity 44392K, committed 44544K, reserved 1087488K
  class space    used 5463K, capacity 5808K, committed 5888K, reserved 1048576K
Event: 11.938 GC heap after
Heap after GC invocations=10 (full 2):
 PSYoungGen      total 368128K, used 18417K [0x000000076b000000, 0x0000000784000000, 0x00000007c0000000)
  eden space 349696K, 0% used [0x000000076b000000,0x000000076b000000,0x0000000780580000)
  from space 18432K, 99% used [0x0000000782e00000,0x0000000783ffc490,0x0000000784000000)
  to   space 23040K, 0% used [0x0000000781300000,0x0000000781300000,0x0000000782980000)
 ParOldGen       total 223232K, used 44479K [0x00000006c1000000, 0x00000006cea00000, 0x000000076b000000)
  object space 223232K, 19% used [0x00000006c1000000,0x00000006c3b6ffa0,0x00000006cea00000)
 Metaspace       used 42900K, capacity 44392K, committed 44544K, reserved 1087488K
  class space    used 5463K, capacity 5808K, committed 5888K, reserved 1048576K
}
Event: 15.654 GC heap before
{Heap before GC invocations=11 (full 2):
 PSYoungGen      total 368128K, used 368113K [0x000000076b000000, 0x0000000784000000, 0x00000007c0000000)
  eden space 349696K, 100% used [0x000000076b000000,0x0000000780580000,0x0000000780580000)
  from space 18432K, 99% used [0x0000000782e00000,0x0000000783ffc490,0x0000000784000000)
  to   space 23040K, 0% used [0x0000000781300000,0x0000000781300000,0x0000000782980000)
 ParOldGen       total 223232K, used 44479K [0x00000006c1000000, 0x00000006cea00000, 0x000000076b000000)
  object space 223232K, 19% used [0x00000006c1000000,0x00000006c3b6ffa0,0x00000006cea00000)
 Metaspace       used 55041K, capacity 57360K, committed 57600K, reserved 1099776K
  class space    used 7141K, capacity 7618K, committed 7680K, reserved 1048576K
Event: 15.678 GC heap after
Heap after GC invocations=11 (full 2):
 PSYoungGen      total 386560K, used 23010K [0x000000076b000000, 0x0000000787a00000, 0x00000007c0000000)
  eden space 363520K, 0% used [0x000000076b000000,0x000000076b000000,0x0000000781300000)
  from space 23040K, 99% used [0x0000000781300000,0x0000000782978b90,0x0000000782980000)
  to   space 27136K, 0% used [0x0000000785f80000,0x0000000785f80000,0x0000000787a00000)
 ParOldGen       total 223232K, used 49493K [0x00000006c1000000, 0x00000006cea00000, 0x000000076b000000)
  object space 223232K, 22% used [0x00000006c1000000,0x00000006c4055590,0x00000006cea00000)
 Metaspace       used 55041K, capacity 57360K, committed 57600K, reserved 1099776K
  class space    used 7141K, capacity 7618K, committed 7680K, reserved 1048576K
}
Event: 16.501 GC heap before
{Heap before GC invocations=12 (full 2):
 PSYoungGen      total 386560K, used 93952K [0x000000076b000000, 0x0000000787a00000, 0x00000007c0000000)
  eden space 363520K, 19% used [0x000000076b000000,0x000000076f547578,0x0000000781300000)
  from space 23040K, 99% used [0x0000000781300000,0x0000000782978b90,0x0000000782980000)
  to   space 27136K, 0% used [0x0000000785f80000,0x0000000785f80000,0x0000000787a00000)
 ParOldGen       total 223232K, used 49493K [0x00000006c1000000, 0x00000006cea00000, 0x000000076b000000)
  object space 223232K, 22% used [0x00000006c1000000,0x00000006c4055590,0x00000006cea00000)
 Metaspace       used 56612K, capacity 59014K, committed 59136K, reserved 1099776K
  class space    used 7367K, capacity 7873K, committed 7936K, reserved 1048576K
Event: 16.527 GC heap after
Heap after GC invocations=12 (full 2):
 PSYoungGen      total 440320K, used 22728K [0x000000076b000000, 0x000000078a080000, 0x00000007c0000000)
  eden space 413184K, 0% used [0x000000076b000000,0x000000076b000000,0x0000000784380000)
  from space 27136K, 83% used [0x0000000785f80000,0x00000007875b2380,0x0000000787a00000)
  to   space 28672K, 0% used [0x0000000784380000,0x0000000784380000,0x0000000785f80000)
 ParOldGen       total 223232K, used 49501K [0x00000006c1000000, 0x00000006cea00000, 0x000000076b000000)
  object space 223232K, 22% used [0x00000006c1000000,0x00000006c4057590,0x00000006cea00000)
 Metaspace       used 56612K, capacity 59014K, committed 59136K, reserved 1099776K
  class space    used 7367K, capacity 7873K, committed 7936K, reserved 1048576K
}
Event: 16.527 GC heap before
{Heap before GC invocations=13 (full 3):
 PSYoungGen      total 440320K, used 22728K [0x000000076b000000, 0x000000078a080000, 0x00000007c0000000)
  eden space 413184K, 0% used [0x000000076b000000,0x000000076b000000,0x0000000784380000)
  from space 27136K, 83% used [0x0000000785f80000,0x00000007875b2380,0x0000000787a00000)
  to   space 28672K, 0% used [0x0000000784380000,0x0000000784380000,0x0000000785f80000)
 ParOldGen       total 223232K, used 49501K [0x00000006c1000000, 0x00000006cea00000, 0x000000076b000000)
  object space 223232K, 22% used [0x00000006c1000000,0x00000006c4057590,0x00000006cea00000)
 Metaspace       used 56612K, capacity 59014K, committed 59136K, reserved 1099776K
  class space    used 7367K, capacity 7873K, committed 7936K, reserved 1048576K
Event: 16.712 GC heap after
Heap after GC invocations=13 (full 3):
 PSYoungGen      total 440320K, used 0K [0x000000076b000000, 0x000000078a080000, 0x00000007c0000000)
  eden space 413184K, 0% used [0x000000076b000000,0x000000076b000000,0x0000000784380000)
  from space 27136K, 0% used [0x0000000785f80000,0x0000000785f80000,0x0000000787a00000)
  to   space 28672K, 0% used [0x0000000784380000,0x0000000784380000,0x0000000785f80000)
 ParOldGen       total 294400K, used 56903K [0x00000006c1000000, 0x00000006d2f80000, 0x000000076b000000)
  object space 294400K, 19% used [0x00000006c1000000,0x00000006c4791d68,0x00000006d2f80000)
 Metaspace       used 56612K, capacity 59014K, committed 59136K, reserved 1099776K
  class space    used 7367K, capacity 7873K, committed 7936K, reserved 1048576K
}
Event: 21.276 GC heap before
{Heap before GC invocations=14 (full 3):
 PSYoungGen      total 440320K, used 413184K [0x000000076b000000, 0x000000078a080000, 0x00000007c0000000)
  eden space 413184K, 100% used [0x000000076b000000,0x0000000784380000,0x0000000784380000)
  from space 27136K, 0% used [0x0000000785f80000,0x0000000785f80000,0x0000000787a00000)
  to   space 28672K, 0% used [0x0000000784380000,0x0000000784380000,0x0000000785f80000)
 ParOldGen       total 294400K, used 56903K [0x00000006c1000000, 0x00000006d2f80000, 0x000000076b000000)
  object space 294400K, 19% used [0x00000006c1000000,0x00000006c4791d68,0x00000006d2f80000)
 Metaspace       used 79028K, capacity 82460K, committed 82560K, reserved 1120256K
  class space    used 10683K, capacity 11316K, committed 11392K, reserved 1048576K
Event: 21.302 GC heap after
Heap after GC invocations=14 (full 3):
 PSYoungGen      total 441856K, used 28641K [0x000000076b000000, 0x000000078db00000, 0x00000007c0000000)
  eden space 413184K, 0% used [0x000000076b000000,0x000000076b000000,0x0000000784380000)
  from space 28672K, 99% used [0x0000000784380000,0x0000000785f78528,0x0000000785f80000)
  to   space 32256K, 0% used [0x000000078bb80000,0x000000078bb80000,0x000000078db00000)
 ParOldGen       total 294400K, used 59451K [0x00000006c1000000, 0x00000006d2f80000, 0x000000076b000000)
  object space 294400K, 20% used [0x00000006c1000000,0x00000006c4a0ef60,0x00000006d2f80000)
 Metaspace       used 79028K, capacity 82460K, committed 82560K, reserved 1120256K
  class space    used 10683K, capacity 11316K, committed 11392K, reserved 1048576K
}

