# JRE version: Java(TM) SE Runtime Environment (8.0_151-b12) (build 1.8.0_151-b12)
# Java VM: Java HotSpot(TM) 64-Bit Server VM (25.151-b12 mixed mode windows-amd64 compressed oops)
Heap:
 PSYoungGen      total 454144K, used 180967K [0x000000076b000000, 0x000000078a880000, 0x00000007c0000000)
  eden space 424960K, 35% used [0x000000076b000000,0x000000077443eeb8,0x0000000784f00000)
  from space 29184K, 99% used [0x0000000784f00000,0x0000000786b7afb8,0x0000000786b80000)
  to   space 28160K, 0% used [0x0000000786b80000,0x0000000786b80000,0x0000000788700000)
 ParOldGen       total 291840K, used 59396K [0x00000006c1000000, 0x00000006d2d00000, 0x000000076b000000)
  object space 291840K, 20% used [0x00000006c1000000,0x00000006c4a01120,0x00000006d2d00000)
 Metaspace       used 80566K, capacity 84630K, committed 84864K, reserved 1122304K
  class space    used 10926K, capacity 11645K, committed 11648K, reserved 1048576K
GC Heap History (10 events):
Event: 14.522 GC heap before
{Heap before GC invocations=10 (full 2):
 PSYoungGen      total 286208K, used 262144K [0x000000076b000000, 0x0000000784100000, 0x00000007c0000000)
  eden space 262144K, 100% used [0x000000076b000000,0x000000077b000000,0x000000077b000000)
  from space 24064K, 0% used [0x000000077b000000,0x000000077b000000,0x000000077c780000)
  to   space 23040K, 0% used [0x0000000782a80000,0x0000000782a80000,0x0000000784100000)
 ParOldGen       total 222720K, used 44521K [0x00000006c1000000, 0x00000006ce980000, 0x000000076b000000)
  object space 222720K, 19% used [0x00000006c1000000,0x00000006c3b7a530,0x00000006ce980000)
 Metaspace       used 42841K, capacity 44392K, committed 44544K, reserved 1087488K
  class space    used 5451K, capacity 5808K, committed 5888K, reserved 1048576K
Event: 14.545 GC heap after
Heap after GC invocations=10 (full 2):
 PSYoungGen      total 373760K, used 18320K [0x000000076b000000, 0x0000000783c80000, 0x00000007c0000000)
  eden space 355328K, 0% used [0x000000076b000000,0x000000076b000000,0x0000000780b00000)
  from space 18432K, 99% used [0x0000000782a80000,0x0000000783c643b8,0x0000000783c80000)
  to   space 23552K, 0% used [0x0000000780e80000,0x0000000780e80000,0x0000000782580000)
 ParOldGen       total 222720K, used 44529K [0x00000006c1000000, 0x00000006ce980000, 0x000000076b000000)
  object space 222720K, 19% used [0x00000006c1000000,0x00000006c3b7c530,0x00000006ce980000)
 Metaspace       used 42841K, capacity 44392K, committed 44544K, reserved 1087488K
  class space    used 5451K, capacity 5808K, committed 5888K, reserved 1048576K
}
Event: 18.734 GC heap before
{Heap before GC invocations=11 (full 2):
 PSYoungGen      total 373760K, used 373648K [0x000000076b000000, 0x0000000783c80000, 0x00000007c0000000)
  eden space 355328K, 100% used [0x000000076b000000,0x0000000780b00000,0x0000000780b00000)
  from space 18432K, 99% used [0x0000000782a80000,0x0000000783c643b8,0x0000000783c80000)
  to   space 23552K, 0% used [0x0000000780e80000,0x0000000780e80000,0x0000000782580000)
 ParOldGen       total 222720K, used 44529K [0x00000006c1000000, 0x00000006ce980000, 0x000000076b000000)
  object space 222720K, 19% used [0x00000006c1000000,0x00000006c3b7c530,0x00000006ce980000)
 Metaspace       used 55085K, capacity 57476K, committed 57600K, reserved 1099776K
  class space    used 7144K, capacity 7618K, committed 7680K, reserved 1048576K
Event: 18.762 GC heap after
Heap after GC invocations=11 (full 2):
 PSYoungGen      total 382464K, used 23545K [0x000000076b000000, 0x0000000788700000, 0x00000007c0000000)
  eden space 358912K, 0% used [0x000000076b000000,0x000000076b000000,0x0000000780e80000)
  from space 23552K, 99% used [0x0000000780e80000,0x000000078257e650,0x0000000782580000)
  to   space 28160K, 0% used [0x0000000786b80000,0x0000000786b80000,0x0000000788700000)
 ParOldGen       total 222720K, used 49155K [0x00000006c1000000, 0x00000006ce980000, 0x000000076b000000)
  object space 222720K, 22% used [0x00000006c1000000,0x00000006c4000d28,0x00000006ce980000)
 Metaspace       used 55085K, capacity 57476K, committed 57600K, reserved 1099776K
  class space    used 7144K, capacity 7618K, committed 7680K, reserved 1048576K
}
Event: 19.347 GC heap before
{Heap before GC invocations=12 (full 2):
 PSYoungGen      total 382464K, used 91901K [0x000000076b000000, 0x0000000788700000, 0x00000007c0000000)
  eden space 358912K, 19% used [0x000000076b000000,0x000000076f2c0ec8,0x0000000780e80000)
  from space 23552K, 99% used [0x0000000780e80000,0x000000078257e650,0x0000000782580000)
  to   space 28160K, 0% used [0x0000000786b80000,0x0000000786b80000,0x0000000788700000)
 ParOldGen       total 222720K, used 49155K [0x00000006c1000000, 0x00000006ce980000, 0x000000076b000000)
  object space 222720K, 22% used [0x00000006c1000000,0x00000006c4000d28,0x00000006ce980000)
 Metaspace       used 56570K, capacity 59074K, committed 59160K, reserved 1101824K
  class space    used 7363K, capacity 7873K, committed 7936K, reserved 1048576K
Event: 19.372 GC heap after
Heap after GC invocations=12 (full 2):
 PSYoungGen      total 453120K, used 22683K [0x000000076b000000, 0x000000078a880000, 0x00000007c0000000)
  eden space 424960K, 0% used [0x000000076b000000,0x000000076b000000,0x0000000784f00000)
  from space 28160K, 80% used [0x0000000786b80000,0x00000007881a6e58,0x0000000788700000)
  to   space 29184K, 0% used [0x0000000784f00000,0x0000000784f00000,0x0000000786b80000)
 ParOldGen       total 222720K, used 49163K [0x00000006c1000000, 0x00000006ce980000, 0x000000076b000000)
  object space 222720K, 22% used [0x00000006c1000000,0x00000006c4002d28,0x00000006ce980000)
 Metaspace       used 56570K, capacity 59074K, committed 59160K, reserved 1101824K
  class space    used 7363K, capacity 7873K, committed 7936K, reserved 1048576K
}
Event: 19.372 GC heap before
{Heap before GC invocations=13 (full 3):
 PSYoungGen      total 453120K, used 22683K [0x000000076b000000, 0x000000078a880000, 0x00000007c0000000)
  eden space 424960K, 0% used [0x000000076b000000,0x000000076b000000,0x0000000784f00000)
  from space 28160K, 80% used [0x0000000786b80000,0x00000007881a6e58,0x0000000788700000)
  to   space 29184K, 0% used [0x0000000784f00000,0x0000000784f00000,0x0000000786b80000)
 ParOldGen       total 222720K, used 49163K [0x00000006c1000000, 0x00000006ce980000, 0x000000076b000000)
  object space 222720K, 22% used [0x00000006c1000000,0x00000006c4002d28,0x00000006ce980000)
 Metaspace       used 56570K, capacity 59074K, committed 59160K, reserved 1101824K
  class space    used 7363K, capacity 7873K, committed 7936K, reserved 1048576K
Event: 19.664 GC heap after
Heap after GC invocations=13 (full 3):
 PSYoungGen      total 453120K, used 0K [0x000000076b000000, 0x000000078a880000, 0x00000007c0000000)
  eden space 424960K, 0% used [0x000000076b000000,0x000000076b000000,0x0000000784f00000)
  from space 28160K, 0% used [0x0000000786b80000,0x0000000786b80000,0x0000000788700000)
  to   space 29184K, 0% used [0x0000000784f00000,0x0000000784f00000,0x0000000786b80000)
 ParOldGen       total 291840K, used 56827K [0x00000006c1000000, 0x00000006d2d00000, 0x000000076b000000)
  object space 291840K, 19% used [0x00000006c1000000,0x00000006c477ed08,0x00000006d2d00000)
 Metaspace       used 56570K, capacity 59074K, committed 59160K, reserved 1101824K
  class space    used 7363K, capacity 7873K, committed 7936K, reserved 1048576K
}
Event: 23.773 GC heap before
{Heap before GC invocations=14 (full 3):
 PSYoungGen      total 453120K, used 424960K [0x000000076b000000, 0x000000078a880000, 0x00000007c0000000)
  eden space 424960K, 100% used [0x000000076b000000,0x0000000784f00000,0x0000000784f00000)
  from space 28160K, 0% used [0x0000000786b80000,0x0000000786b80000,0x0000000788700000)
  to   space 29184K, 0% used [0x0000000784f00000,0x0000000784f00000,0x0000000786b80000)
 ParOldGen       total 291840K, used 56827K [0x00000006c1000000, 0x00000006d2d00000, 0x000000076b000000)
  object space 291840K, 19% used [0x00000006c1000000,0x00000006c477ed08,0x00000006d2d00000)
 Metaspace       used 79154K, capacity 82708K, committed 82816K, reserved 1120256K
  class space    used 10706K, capacity 11338K, committed 11392K, reserved 1048576K
Event: 23.811 GC heap after
Heap after GC invocations=14 (full 3):
 PSYoungGen      total 454144K, used 29163K [0x000000076b000000, 0x000000078a880000, 0x00000007c0000000)
  eden space 424960K, 0% used [0x000000076b000000,0x000000076b000000,0x0000000784f00000)
  from space 29184K, 99% used [0x0000000784f00000,0x0000000786b7afb8,0x0000000786b80000)
  to   space 28160K, 0% used [0x0000000786b80000,0x0000000786b80000,0x0000000788700000)
 ParOldGen       total 291840K, used 59396K [0x00000006c1000000, 0x00000006d2d00000, 0x000000076b000000)
  object space 291840K, 20% used [0x00000006c1000000,0x00000006c4a01120,0x00000006d2d00000)
 Metaspace       used 79154K, capacity 82708K, committed 82816K, reserved 1120256K
  class space    used 10706K, capacity 11338K, committed 11392K, reserved 1048576K
}

