# JRE version: Java(TM) SE Runtime Environment (8.0_151-b12) (build 1.8.0_151-b12)
# Java VM: Java HotSpot(TM) 64-Bit Server VM (25.151-b12 mixed mode windows-amd64 compressed oops)
Heap:
 PSYoungGen      total 460800K, used 41712K [0x000000076b000000, 0x0000000790400000, 0x00000007c0000000)
  eden space 431616K, 2% used [0x000000076b000000,0x000000076bc421b8,0x0000000785580000)
  from space 29184K, 99% used [0x0000000785580000,0x00000007871f9f90,0x0000000787200000)
  to   space 33280K, 0% used [0x000000078e380000,0x000000078e380000,0x0000000790400000)
 ParOldGen       total 281600K, used 59810K [0x00000006c1000000, 0x00000006d2300000, 0x000000076b000000)
  object space 281600K, 21% used [0x00000006c1000000,0x00000006c4a68b10,0x00000006d2300000)
 Metaspace       used 79288K, capacity 82770K, committed 82944K, reserved 1120256K
  class space    used 10721K, capacity 11401K, committed 11520K, reserved 1048576K
GC Heap History (10 events):
Event: 13.090 GC heap before
{Heap before GC invocations=10 (full 2):
 PSYoungGen      total 286208K, used 262144K [0x000000076b000000, 0x0000000784780000, 0x00000007c0000000)
  eden space 262144K, 100% used [0x000000076b000000,0x000000077b000000,0x000000077b000000)
  from space 24064K, 0% used [0x000000077b000000,0x000000077b000000,0x000000077c780000)
  to   space 23552K, 0% used [0x0000000783080000,0x0000000783080000,0x0000000784780000)
 ParOldGen       total 218112K, used 44499K [0x00000006c1000000, 0x00000006ce500000, 0x000000076b000000)
  object space 218112K, 20% used [0x00000006c1000000,0x00000006c3b74ff0,0x00000006ce500000)
 Metaspace       used 42828K, capacity 44292K, committed 44544K, reserved 1087488K
  class space    used 5448K, capacity 5840K, committed 5888K, reserved 1048576K
Event: 13.108 GC heap after
Heap after GC invocations=10 (full 2):
 PSYoungGen      total 377344K, used 18386K [0x000000076b000000, 0x0000000784280000, 0x00000007c0000000)
  eden space 358912K, 0% used [0x000000076b000000,0x000000076b000000,0x0000000780e80000)
  from space 18432K, 99% used [0x0000000783080000,0x0000000784274b38,0x0000000784280000)
  to   space 23552K, 0% used [0x0000000781480000,0x0000000781480000,0x0000000782b80000)
 ParOldGen       total 218112K, used 44507K [0x00000006c1000000, 0x00000006ce500000, 0x000000076b000000)
  object space 218112K, 20% used [0x00000006c1000000,0x00000006c3b76ff0,0x00000006ce500000)
 Metaspace       used 42828K, capacity 44292K, committed 44544K, reserved 1087488K
  class space    used 5448K, capacity 5840K, committed 5888K, reserved 1048576K
}
Event: 17.000 GC heap before
{Heap before GC invocations=11 (full 2):
 PSYoungGen      total 377344K, used 377298K [0x000000076b000000, 0x0000000784280000, 0x00000007c0000000)
  eden space 358912K, 100% used [0x000000076b000000,0x0000000780e80000,0x0000000780e80000)
  from space 18432K, 99% used [0x0000000783080000,0x0000000784274b38,0x0000000784280000)
  to   space 23552K, 0% used [0x0000000781480000,0x0000000781480000,0x0000000782b80000)
 ParOldGen       total 218112K, used 44507K [0x00000006c1000000, 0x00000006ce500000, 0x000000076b000000)
  object space 218112K, 20% used [0x00000006c1000000,0x00000006c3b76ff0,0x00000006ce500000)
 Metaspace       used 55093K, capacity 57444K, committed 57600K, reserved 1099776K
  class space    used 7147K, capacity 7650K, committed 7680K, reserved 1048576K
Event: 17.028 GC heap after
Heap after GC invocations=11 (full 2):
 PSYoungGen      total 388608K, used 23539K [0x000000076b000000, 0x0000000788d80000, 0x00000007c0000000)
  eden space 365056K, 0% used [0x000000076b000000,0x000000076b000000,0x0000000781480000)
  from space 23552K, 99% used [0x0000000781480000,0x0000000782b7cf08,0x0000000782b80000)
  to   space 28160K, 0% used [0x0000000787200000,0x0000000787200000,0x0000000788d80000)
 ParOldGen       total 218112K, used 49367K [0x00000006c1000000, 0x00000006ce500000, 0x000000076b000000)
  object space 218112K, 22% used [0x00000006c1000000,0x00000006c4035ff0,0x00000006ce500000)
 Metaspace       used 55093K, capacity 57444K, committed 57600K, reserved 1099776K
  class space    used 7147K, capacity 7650K, committed 7680K, reserved 1048576K
}
Event: 17.539 GC heap before
{Heap before GC invocations=12 (full 2):
 PSYoungGen      total 388608K, used 86505K [0x000000076b000000, 0x0000000788d80000, 0x00000007c0000000)
  eden space 365056K, 17% used [0x000000076b000000,0x000000076ed7d710,0x0000000781480000)
  from space 23552K, 99% used [0x0000000781480000,0x0000000782b7cf08,0x0000000782b80000)
  to   space 28160K, 0% used [0x0000000787200000,0x0000000787200000,0x0000000788d80000)
 ParOldGen       total 218112K, used 49367K [0x00000006c1000000, 0x00000006ce500000, 0x000000076b000000)
  object space 218112K, 22% used [0x00000006c1000000,0x00000006c4035ff0,0x00000006ce500000)
 Metaspace       used 56564K, capacity 59046K, committed 59136K, reserved 1099776K
  class space    used 7363K, capacity 7905K, committed 7936K, reserved 1048576K
Event: 17.563 GC heap after
Heap after GC invocations=12 (full 2):
 PSYoungGen      total 459776K, used 22716K [0x000000076b000000, 0x000000078b200000, 0x00000007c0000000)
  eden space 431616K, 0% used [0x000000076b000000,0x000000076b000000,0x0000000785580000)
  from space 28160K, 80% used [0x0000000787200000,0x000000078882f158,0x0000000788d80000)
  to   space 29184K, 0% used [0x0000000785580000,0x0000000785580000,0x0000000787200000)
 ParOldGen       total 218112K, used 49375K [0x00000006c1000000, 0x00000006ce500000, 0x000000076b000000)
  object space 218112K, 22% used [0x00000006c1000000,0x00000006c4037ff0,0x00000006ce500000)
 Metaspace       used 56564K, capacity 59046K, committed 59136K, reserved 1099776K
  class space    used 7363K, capacity 7905K, committed 7936K, reserved 1048576K
}
Event: 17.563 GC heap before
{Heap before GC invocations=13 (full 3):
 PSYoungGen      total 459776K, used 22716K [0x000000076b000000, 0x000000078b200000, 0x00000007c0000000)
  eden space 431616K, 0% used [0x000000076b000000,0x000000076b000000,0x0000000785580000)
  from space 28160K, 80% used [0x0000000787200000,0x000000078882f158,0x0000000788d80000)
  to   space 29184K, 0% used [0x0000000785580000,0x0000000785580000,0x0000000787200000)
 ParOldGen       total 218112K, used 49375K [0x00000006c1000000, 0x00000006ce500000, 0x000000076b000000)
  object space 218112K, 22% used [0x00000006c1000000,0x00000006c4037ff0,0x00000006ce500000)
 Metaspace       used 56564K, capacity 59046K, committed 59136K, reserved 1099776K
  class space    used 7363K, capacity 7905K, committed 7936K, reserved 1048576K
Event: 17.763 GC heap after
Heap after GC invocations=13 (full 3):
 PSYoungGen      total 459776K, used 0K [0x000000076b000000, 0x000000078b200000, 0x00000007c0000000)
  eden space 431616K, 0% used [0x000000076b000000,0x000000076b000000,0x0000000785580000)
  from space 28160K, 0% used [0x0000000787200000,0x0000000787200000,0x0000000788d80000)
  to   space 29184K, 0% used [0x0000000785580000,0x0000000785580000,0x0000000787200000)
 ParOldGen       total 281600K, used 56825K [0x00000006c1000000, 0x00000006d2300000, 0x000000076b000000)
  object space 281600K, 20% used [0x00000006c1000000,0x00000006c477e590,0x00000006d2300000)
 Metaspace       used 56564K, capacity 59046K, committed 59136K, reserved 1099776K
  class space    used 7363K, capacity 7905K, committed 7936K, reserved 1048576K
}
Event: 21.358 GC heap before
{Heap before GC invocations=14 (full 3):
 PSYoungGen      total 459776K, used 431616K [0x000000076b000000, 0x000000078b200000, 0x00000007c0000000)
  eden space 431616K, 100% used [0x000000076b000000,0x0000000785580000,0x0000000785580000)
  from space 28160K, 0% used [0x0000000787200000,0x0000000787200000,0x0000000788d80000)
  to   space 29184K, 0% used [0x0000000785580000,0x0000000785580000,0x0000000787200000)
 ParOldGen       total 281600K, used 56825K [0x00000006c1000000, 0x00000006d2300000, 0x000000076b000000)
  object space 281600K, 20% used [0x00000006c1000000,0x00000006c477e590,0x00000006d2300000)
 Metaspace       used 79268K, capacity 82738K, committed 82816K, reserved 1120256K
  class space    used 10719K, capacity 11369K, committed 11392K, reserved 1048576K
Event: 21.398 GC heap after
Heap after GC invocations=14 (full 3):
 PSYoungGen      total 460800K, used 29159K [0x000000076b000000, 0x0000000790400000, 0x00000007c0000000)
  eden space 431616K, 0% used [0x000000076b000000,0x000000076b000000,0x0000000785580000)
  from space 29184K, 99% used [0x0000000785580000,0x00000007871f9f90,0x0000000787200000)
  to   space 33280K, 0% used [0x000000078e380000,0x000000078e380000,0x0000000790400000)
 ParOldGen       total 281600K, used 59810K [0x00000006c1000000, 0x00000006d2300000, 0x000000076b000000)
  object space 281600K, 21% used [0x00000006c1000000,0x00000006c4a68b10,0x00000006d2300000)
 Metaspace       used 79268K, capacity 82738K, committed 82816K, reserved 1120256K
  class space    used 10719K, capacity 11369K, committed 11392K, reserved 1048576K
}

