# JRE version: Java(TM) SE Runtime Environment (8.0_151-b12) (build 1.8.0_151-b12)
# Java VM: Java HotSpot(TM) 64-Bit Server VM (25.151-b12 mixed mode windows-amd64 compressed oops)
Heap:
 PSYoungGen      total 253440K, used 57632K [0x000000076b000000, 0x000000077d480000, 0x00000007c0000000)
  eden space 236032K, 24% used [0x000000076b000000,0x000000076e848070,0x0000000779680000)
  from space 17408K, 0% used [0x000000077c380000,0x000000077c380000,0x000000077d480000)
  to   space 26112K, 0% used [0x000000077aa00000,0x000000077aa00000,0x000000077c380000)
 ParOldGen       total 243200K, used 62380K [0x00000006c1000000, 0x00000006cfd80000, 0x000000076b000000)
  object space 243200K, 25% used [0x00000006c1000000,0x00000006c4ceb258,0x00000006cfd80000)
 Metaspace       used 58856K, capacity 61278K, committed 61464K, reserved 1101824K
  class space    used 7632K, capacity 8113K, committed 8216K, reserved 1048576K
GC Heap History (10 events):
Event: 8.800 GC heap before
{Heap before GC invocations=9 (full 2):
 PSYoungGen      total 262144K, used 26103K [0x000000076b000000, 0x000000077d480000, 0x00000007c0000000)
  eden space 236032K, 0% used [0x000000076b000000,0x000000076b000000,0x0000000779680000)
  from space 26112K, 99% used [0x000000077aa00000,0x000000077c37dfd8,0x000000077c380000)
  to   space 17408K, 0% used [0x000000077c380000,0x000000077c380000,0x000000077d480000)
 ParOldGen       total 148992K, used 35574K [0x00000006c1000000, 0x00000006ca180000, 0x000000076b000000)
  object space 148992K, 23% used [0x00000006c1000000,0x00000006c32bd830,0x00000006ca180000)
 Metaspace       used 34621K, capacity 35448K, committed 35496K, reserved 1081344K
  class space    used 4276K, capacity 4512K, committed 4520K, reserved 1048576K
Event: 8.961 GC heap after
Heap after GC invocations=9 (full 2):
 PSYoungGen      total 262144K, used 0K [0x000000076b000000, 0x000000077d480000, 0x00000007c0000000)
  eden space 236032K, 0% used [0x000000076b000000,0x000000076b000000,0x0000000779680000)
  from space 26112K, 0% used [0x000000077aa00000,0x000000077aa00000,0x000000077c380000)
  to   space 17408K, 0% used [0x000000077c380000,0x000000077c380000,0x000000077d480000)
 ParOldGen       total 243200K, used 55436K [0x00000006c1000000, 0x00000006cfd80000, 0x000000076b000000)
  object space 243200K, 22% used [0x00000006c1000000,0x00000006c4623078,0x00000006cfd80000)
 Metaspace       used 34619K, capacity 35442K, committed 35496K, reserved 1081344K
  class space    used 4275K, capacity 4511K, committed 4520K, reserved 1048576K
}
Event: 13.926 GC heap before
{Heap before GC invocations=10 (full 2):
 PSYoungGen      total 262144K, used 236032K [0x000000076b000000, 0x000000077d480000, 0x00000007c0000000)
  eden space 236032K, 100% used [0x000000076b000000,0x0000000779680000,0x0000000779680000)
  from space 26112K, 0% used [0x000000077aa00000,0x000000077aa00000,0x000000077c380000)
  to   space 17408K, 0% used [0x000000077c380000,0x000000077c380000,0x000000077d480000)
 ParOldGen       total 243200K, used 55436K [0x00000006c1000000, 0x00000006cfd80000, 0x000000076b000000)
  object space 243200K, 22% used [0x00000006c1000000,0x00000006c4623078,0x00000006cfd80000)
 Metaspace       used 45837K, capacity 47342K, committed 47656K, reserved 1091584K
  class space    used 5786K, capacity 6141K, committed 6184K, reserved 1048576K
Event: 13.938 GC heap after
Heap after GC invocations=10 (full 2):
 PSYoungGen      total 253440K, used 16681K [0x000000076b000000, 0x000000077d480000, 0x00000007c0000000)
  eden space 236032K, 0% used [0x000000076b000000,0x000000076b000000,0x0000000779680000)
  from space 17408K, 95% used [0x000000077c380000,0x000000077d3ca6d8,0x000000077d480000)
  to   space 26112K, 0% used [0x000000077aa00000,0x000000077aa00000,0x000000077c380000)
 ParOldGen       total 243200K, used 55508K [0x00000006c1000000, 0x00000006cfd80000, 0x000000076b000000)
  object space 243200K, 22% used [0x00000006c1000000,0x00000006c4635088,0x00000006cfd80000)
 Metaspace       used 45837K, capacity 47342K, committed 47656K, reserved 1091584K
  class space    used 5786K, capacity 6141K, committed 6184K, reserved 1048576K
}
Event: 16.446 GC heap before
{Heap before GC invocations=11 (full 2):
 PSYoungGen      total 253440K, used 252713K [0x000000076b000000, 0x000000077d480000, 0x00000007c0000000)
  eden space 236032K, 100% used [0x000000076b000000,0x0000000779680000,0x0000000779680000)
  from space 17408K, 95% used [0x000000077c380000,0x000000077d3ca6d8,0x000000077d480000)
  to   space 26112K, 0% used [0x000000077aa00000,0x000000077aa00000,0x000000077c380000)
 ParOldGen       total 243200K, used 55508K [0x00000006c1000000, 0x00000006cfd80000, 0x000000076b000000)
  object space 243200K, 22% used [0x00000006c1000000,0x00000006c4635088,0x00000006cfd80000)
 Metaspace       used 55261K, capacity 57176K, committed 57384K, reserved 1099776K
  class space    used 7181K, capacity 7598K, committed 7720K, reserved 1048576K
Event: 16.466 GC heap after
Heap after GC invocations=11 (full 2):
 PSYoungGen      total 262144K, used 24505K [0x000000076b000000, 0x000000077d480000, 0x00000007c0000000)
  eden space 236032K, 0% used [0x000000076b000000,0x000000076b000000,0x0000000779680000)
  from space 26112K, 93% used [0x000000077aa00000,0x000000077c1ee5c0,0x000000077c380000)
  to   space 17408K, 0% used [0x000000077c380000,0x000000077c380000,0x000000077d480000)
 ParOldGen       total 243200K, used 55516K [0x00000006c1000000, 0x00000006cfd80000, 0x000000076b000000)
  object space 243200K, 22% used [0x00000006c1000000,0x00000006c4637088,0x00000006cfd80000)
 Metaspace       used 55261K, capacity 57176K, committed 57384K, reserved 1099776K
  class space    used 7181K, capacity 7598K, committed 7720K, reserved 1048576K
}
Event: 17.464 GC heap before
{Heap before GC invocations=12 (full 2):
 PSYoungGen      total 262144K, used 61630K [0x000000076b000000, 0x000000077d480000, 0x00000007c0000000)
  eden space 236032K, 15% used [0x000000076b000000,0x000000076d441440,0x0000000779680000)
  from space 26112K, 93% used [0x000000077aa00000,0x000000077c1ee5c0,0x000000077c380000)
  to   space 17408K, 0% used [0x000000077c380000,0x000000077c380000,0x000000077d480000)
 ParOldGen       total 243200K, used 55516K [0x00000006c1000000, 0x00000006cfd80000, 0x000000076b000000)
  object space 243200K, 22% used [0x00000006c1000000,0x00000006c4637088,0x00000006cfd80000)
 Metaspace       used 56782K, capacity 58994K, committed 59160K, reserved 1099776K
  class space    used 7379K, capacity 7853K, committed 7960K, reserved 1048576K
Event: 17.477 GC heap after
Heap after GC invocations=12 (full 2):
 PSYoungGen      total 253440K, used 17399K [0x000000076b000000, 0x000000077d480000, 0x00000007c0000000)
  eden space 236032K, 0% used [0x000000076b000000,0x000000076b000000,0x0000000779680000)
  from space 17408K, 99% used [0x000000077c380000,0x000000077d47def0,0x000000077d480000)
  to   space 26112K, 0% used [0x000000077aa00000,0x000000077aa00000,0x000000077c380000)
 ParOldGen       total 243200K, used 55811K [0x00000006c1000000, 0x00000006cfd80000, 0x000000076b000000)
  object space 243200K, 22% used [0x00000006c1000000,0x00000006c4680df0,0x00000006cfd80000)
 Metaspace       used 56782K, capacity 58994K, committed 59160K, reserved 1099776K
  class space    used 7379K, capacity 7853K, committed 7960K, reserved 1048576K
}
Event: 17.477 GC heap before
{Heap before GC invocations=13 (full 3):
 PSYoungGen      total 253440K, used 17399K [0x000000076b000000, 0x000000077d480000, 0x00000007c0000000)
  eden space 236032K, 0% used [0x000000076b000000,0x000000076b000000,0x0000000779680000)
  from space 17408K, 99% used [0x000000077c380000,0x000000077d47def0,0x000000077d480000)
  to   space 26112K, 0% used [0x000000077aa00000,0x000000077aa00000,0x000000077c380000)
 ParOldGen       total 243200K, used 55811K [0x00000006c1000000, 0x00000006cfd80000, 0x000000076b000000)
  object space 243200K, 22% used [0x00000006c1000000,0x00000006c4680df0,0x00000006cfd80000)
 Metaspace       used 56782K, capacity 58994K, committed 59160K, reserved 1099776K
  class space    used 7379K, capacity 7853K, committed 7960K, reserved 1048576K
Event: 17.646 GC heap after
Heap after GC invocations=13 (full 3):
 PSYoungGen      total 253440K, used 0K [0x000000076b000000, 0x000000077d480000, 0x00000007c0000000)
  eden space 236032K, 0% used [0x000000076b000000,0x000000076b000000,0x0000000779680000)
  from space 17408K, 0% used [0x000000077c380000,0x000000077c380000,0x000000077d480000)
  to   space 26112K, 0% used [0x000000077aa00000,0x000000077aa00000,0x000000077c380000)
 ParOldGen       total 243200K, used 62380K [0x00000006c1000000, 0x00000006cfd80000, 0x000000076b000000)
  object space 243200K, 25% used [0x00000006c1000000,0x00000006c4ceb258,0x00000006cfd80000)
 Metaspace       used 56782K, capacity 58994K, committed 59160K, reserved 1099776K
  class space    used 7379K, capacity 7853K, committed 7960K, reserved 1048576K
}

